<?xml version="1.0" encoding="UTF-8"?>
<!-- Generated by org.testng.reporters.JUnitReportReporter -->
<testsuite hostname="LAPTOP-1108SNCF" failures="0" tests="1" name="notous.SeleniumTest" time="0.721" errors="0" timestamp="2021-03-21T20:17:14 IST" skipped="0">
  <testcase classname="notous.SeleniumTest" name="BrowserAutomation" time="0.721"/>
  <system-out/>
</testsuite> <!-- notous.SeleniumTest -->
