<?xml version="1.0" encoding="UTF-8"?>
<!-- Generated by org.testng.reporters.JUnitReportReporter -->
<testsuite hostname="LAPTOP-1108SNCF" failures="0" tests="1" name="notous.ExtentReportsDemo" time="28.025" errors="0" timestamp="2021-03-22T18:09:01 IST" skipped="0">
  <testcase classname="notous.ExtentReportsDemo" name="IntialDemoTest" time="28.025"/>
  <system-out/>
</testsuite> <!-- notous.ExtentReportsDemo -->
