<?xml version="1.0" encoding="UTF-8"?>
<!-- Generated by org.testng.reporters.JUnitReportReporter -->
<testsuite hostname="LAPTOP-1108SNCF" failures="0" tests="2" name="notous.SeleniumTest" time="0.018" errors="0" timestamp="22 Mar 2021 05:07:39 GMT" skipped="0">
  <testcase classname="notous.SeleniumTest" name="ElementsUI" time="0.002"/>
  <testcase classname="notous.SeleniumTest" name="BrowserAutomation" time="0.016"/>
</testsuite> <!-- notous.SeleniumTest -->
