<?xml version="1.0" encoding="UTF-8"?>
<!-- Generated by org.testng.reporters.JUnitReportReporter -->
<testsuite hostname="LAPTOP-1108SNCF" failures="0" tests="2" name="notous.AppiumTest" time="0.000" errors="0" timestamp="22 Mar 2021 05:06:59 GMT" skipped="0">
  <testcase classname="notous.AppiumTest" name="NativeAppAndriod" time="0.000"/>
  <testcase classname="notous.AppiumTest" name="IosApps" time="0.000"/>
</testsuite> <!-- notous.AppiumTest -->
