<?xml version="1.0" encoding="UTF-8"?>
<!-- Generated by org.testng.reporters.JUnitReportReporter -->
<testsuite hostname="LAPTOP-1108SNCF" failures="0" tests="2" name="notous.RestAPITest" time="0.001" errors="0" timestamp="22 Mar 2021 05:07:39 GMT" skipped="0">
  <testcase classname="notous.RestAPITest" name="JiraPost" time="0.000"/>
  <testcase classname="notous.RestAPITest" name="DeleteTwitter" time="0.001"/>
</testsuite> <!-- notous.RestAPITest -->
